<?xml version="1.0" encoding="UTF-8"?>
<testng-results ignored="0" total="0" passed="0" failed="0" skipped="0">
  <reporter-output>
  </reporter-output>
  <suite started-at="2023-03-17T22:50:32 CET" name="SenderMessageTestTest" finished-at="2023-03-17T22:50:32 CET" duration-ms="7">
    <groups>
    </groups>
    <test started-at="2023-03-17T22:50:32 CET" name="Command line test" finished-at="2023-03-17T22:50:32 CET" duration-ms="7">
    </test> <!-- Command line test -->
  </suite> <!-- SenderMessageTestTest -->
</testng-results>
